:8506 [2/11/2025, 3:58:31 PM] ERROR: error: terminating connection due to administrator command
error: terminating connection due to administrator command
    at Parser.parseErrorMessage (/root/kkutu/Hyfata-KKuTu-Latest/Server/lib/node_modules/pg-protocol/dist/parser.js:287:98)
    at Parser.handlePacket (/root/kkutu/Hyfata-KKuTu-Latest/Server/lib/node_modules/pg-protocol/dist/parser.js:126:29)
    at Parser.parse (/root/kkutu/Hyfata-KKuTu-Latest/Server/lib/node_modules/pg-protocol/dist/parser.js:39:38)
    at Socket.<anonymous> (/root/kkutu/Hyfata-KKuTu-Latest/Server/lib/node_modules/pg-protocol/dist/index.js:11:42)
    at Socket.emit (node:events:524:28)
    at addChunk (node:internal/streams/readable:561:12)
    at readableAddChunkPushByteMode (node:internal/streams/readable:512:3)
    at Readable.push (node:internal/streams/readable:392:5)
    at TCP.onStreamRead (node:internal/stream_base_commons:189:23):8506 [2/11/2025, 3:58:31 PM] ERROR: Error: Connection terminated unexpectedly
Error: Connection terminated unexpectedly
    at Connection.<anonymous> (/root/kkutu/Hyfata-KKuTu-Latest/Server/lib/node_modules/pg/lib/client.js:132:73)
    at Object.onceWrapper (node:events:638:28)
    at Connection.emit (node:events:524:28)
    at Socket.<anonymous> (/root/kkutu/Hyfata-KKuTu-Latest/Server/lib/node_modules/pg/lib/connection.js:107:12)
    at Socket.emit (node:events:536:35)
    at endReadableNT (node:internal/streams/readable:1698:12)
    at process.processTicksAndRejections (node:internal/process/task_queues:90:21):8506 [2/15/2025, 6:21:14 AM] ERROR: error: terminating connection due to administrator command
error: terminating connection due to administrator command
    at Parser.parseErrorMessage (/root/kkutu/Hyfata-KKuTu-Latest/Server/lib/node_modules/pg-protocol/dist/parser.js:287:98)
    at Parser.handlePacket (/root/kkutu/Hyfata-KKuTu-Latest/Server/lib/node_modules/pg-protocol/dist/parser.js:126:29)
    at Parser.parse (/root/kkutu/Hyfata-KKuTu-Latest/Server/lib/node_modules/pg-protocol/dist/parser.js:39:38)
    at Socket.<anonymous> (/root/kkutu/Hyfata-KKuTu-Latest/Server/lib/node_modules/pg-protocol/dist/index.js:11:42)
    at Socket.emit (node:events:518:28)
    at addChunk (node:internal/streams/readable:561:12)
    at readableAddChunkPushByteMode (node:internal/streams/readable:512:3)
    at Readable.push (node:internal/streams/readable:392:5)
    at TCP.onStreamRead (node:internal/stream_base_commons:189:23):8506 [2/15/2025, 6:21:14 AM] ERROR: Error: Connection terminated unexpectedly
Error: Connection terminated unexpectedly
    at Connection.<anonymous> (/root/kkutu/Hyfata-KKuTu-Latest/Server/lib/node_modules/pg/lib/client.js:132:73)
    at Object.onceWrapper (node:events:632:28)
    at Connection.emit (node:events:518:28)
    at Socket.<anonymous> (/root/kkutu/Hyfata-KKuTu-Latest/Server/lib/node_modules/pg/lib/connection.js:107:12)
    at Socket.emit (node:events:530:35)
    at endReadableNT (node:internal/streams/readable:1698:12)
    at process.processTicksAndRejections (node:internal/process/task_queues:90:21):8506 [2/28/2025, 6:14:32 AM] ERROR: error: terminating connection due to administrator command
error: terminating connection due to administrator command
    at Parser.parseErrorMessage (/root/kkutu/Hyfata-KKuTu-Latest/Server/lib/node_modules/pg-protocol/dist/parser.js:287:98)
    at Parser.handlePacket (/root/kkutu/Hyfata-KKuTu-Latest/Server/lib/node_modules/pg-protocol/dist/parser.js:126:29)
    at Parser.parse (/root/kkutu/Hyfata-KKuTu-Latest/Server/lib/node_modules/pg-protocol/dist/parser.js:39:38)
    at Socket.<anonymous> (/root/kkutu/Hyfata-KKuTu-Latest/Server/lib/node_modules/pg-protocol/dist/index.js:11:42)
    at Socket.emit (node:events:518:28)
    at addChunk (node:internal/streams/readable:561:12)
    at readableAddChunkPushByteMode (node:internal/streams/readable:512:3)
    at Readable.push (node:internal/streams/readable:392:5)
    at TCP.onStreamRead (node:internal/stream_base_commons:189:23):8506 [2/28/2025, 6:14:32 AM] ERROR: Error: Connection terminated unexpectedly
Error: Connection terminated unexpectedly
    at Connection.<anonymous> (/root/kkutu/Hyfata-KKuTu-Latest/Server/lib/node_modules/pg/lib/client.js:132:73)
    at Object.onceWrapper (node:events:632:28)
    at Connection.emit (node:events:518:28)
    at Socket.<anonymous> (/root/kkutu/Hyfata-KKuTu-Latest/Server/lib/node_modules/pg/lib/connection.js:107:12)
    at Socket.emit (node:events:530:35)
    at endReadableNT (node:internal/streams/readable:1698:12)
    at process.processTicksAndRejections (node:internal/process/task_queues:90:21):8506 [2/28/2025, 6:14:45 AM] ERROR: error: terminating connection due to administrator command
error: terminating connection due to administrator command
    at Parser.parseErrorMessage (/root/kkutu/Hyfata-KKuTu-Latest/Server/lib/node_modules/pg-protocol/dist/parser.js:287:98)
    at Parser.handlePacket (/root/kkutu/Hyfata-KKuTu-Latest/Server/lib/node_modules/pg-protocol/dist/parser.js:126:29)
    at Parser.parse (/root/kkutu/Hyfata-KKuTu-Latest/Server/lib/node_modules/pg-protocol/dist/parser.js:39:38)
    at Socket.<anonymous> (/root/kkutu/Hyfata-KKuTu-Latest/Server/lib/node_modules/pg-protocol/dist/index.js:11:42)
    at Socket.emit (node:events:518:28)
    at addChunk (node:internal/streams/readable:561:12)
    at readableAddChunkPushByteMode (node:internal/streams/readable:512:3)
    at Readable.push (node:internal/streams/readable:392:5)
    at TCP.onStreamRead (node:internal/stream_base_commons:189:23):8506 [2/28/2025, 6:14:45 AM] ERROR: Error: Connection terminated unexpectedly
Error: Connection terminated unexpectedly
    at Connection.<anonymous> (/root/kkutu/Hyfata-KKuTu-Latest/Server/lib/node_modules/pg/lib/client.js:132:73)
    at Object.onceWrapper (node:events:632:28)
    at Connection.emit (node:events:518:28)
    at Socket.<anonymous> (/root/kkutu/Hyfata-KKuTu-Latest/Server/lib/node_modules/pg/lib/connection.js:107:12)
    at Socket.emit (node:events:530:35)
    at endReadableNT (node:internal/streams/readable:1698:12)
    at process.processTicksAndRejections (node:internal/process/task_queues:90:21):8506 [2/28/2025, 6:15:23 AM] ERROR: error: terminating connection due to administrator command
error: terminating connection due to administrator command
    at Parser.parseErrorMessage (/root/kkutu/Hyfata-KKuTu-Latest/Server/lib/node_modules/pg-protocol/dist/parser.js:287:98)
    at Parser.handlePacket (/root/kkutu/Hyfata-KKuTu-Latest/Server/lib/node_modules/pg-protocol/dist/parser.js:126:29)
    at Parser.parse (/root/kkutu/Hyfata-KKuTu-Latest/Server/lib/node_modules/pg-protocol/dist/parser.js:39:38)
    at Socket.<anonymous> (/root/kkutu/Hyfata-KKuTu-Latest/Server/lib/node_modules/pg-protocol/dist/index.js:11:42)
    at Socket.emit (node:events:518:28)
    at addChunk (node:internal/streams/readable:561:12)
    at readableAddChunkPushByteMode (node:internal/streams/readable:512:3)
    at Readable.push (node:internal/streams/readable:392:5)
    at TCP.onStreamRead (node:internal/stream_base_commons:189:23):8506 [2/28/2025, 6:15:23 AM] ERROR: Error: Connection terminated unexpectedly
Error: Connection terminated unexpectedly
    at Connection.<anonymous> (/root/kkutu/Hyfata-KKuTu-Latest/Server/lib/node_modules/pg/lib/client.js:132:73)
    at Object.onceWrapper (node:events:632:28)
    at Connection.emit (node:events:518:28)
    at Socket.<anonymous> (/root/kkutu/Hyfata-KKuTu-Latest/Server/lib/node_modules/pg/lib/connection.js:107:12)
    at Socket.emit (node:events:530:35)
    at endReadableNT (node:internal/streams/readable:1698:12)
    at process.processTicksAndRejections (node:internal/process/task_queues:90:21):8506 [3/4/2025, 6:25:02 AM] ERROR: error: terminating connection due to administrator command
error: terminating connection due to administrator command
    at Parser.parseErrorMessage (/root/kkutu/Hyfata-KKuTu-Latest/Server/lib/node_modules/pg-protocol/dist/parser.js:287:98)
    at Parser.handlePacket (/root/kkutu/Hyfata-KKuTu-Latest/Server/lib/node_modules/pg-protocol/dist/parser.js:126:29)
    at Parser.parse (/root/kkutu/Hyfata-KKuTu-Latest/Server/lib/node_modules/pg-protocol/dist/parser.js:39:38)
    at Socket.<anonymous> (/root/kkutu/Hyfata-KKuTu-Latest/Server/lib/node_modules/pg-protocol/dist/index.js:11:42)
    at Socket.emit (node:events:518:28)
    at addChunk (node:internal/streams/readable:561:12)
    at readableAddChunkPushByteMode (node:internal/streams/readable:512:3)
    at Readable.push (node:internal/streams/readable:392:5)
    at TCP.onStreamRead (node:internal/stream_base_commons:189:23):8506 [3/4/2025, 6:25:02 AM] ERROR: Error: Connection terminated unexpectedly
Error: Connection terminated unexpectedly
    at Connection.<anonymous> (/root/kkutu/Hyfata-KKuTu-Latest/Server/lib/node_modules/pg/lib/client.js:132:73)
    at Object.onceWrapper (node:events:632:28)
    at Connection.emit (node:events:518:28)
    at Socket.<anonymous> (/root/kkutu/Hyfata-KKuTu-Latest/Server/lib/node_modules/pg/lib/connection.js:107:12)
    at Socket.emit (node:events:530:35)
    at endReadableNT (node:internal/streams/readable:1698:12)
    at process.processTicksAndRejections (node:internal/process/task_queues:90:21):8506 [4/5/2025, 6:32:20 AM] ERROR: error: terminating connection due to administrator command
error: terminating connection due to administrator command
    at Parser.parseErrorMessage (/root/kkutu/Hyfata-KKuTu-Latest/Server/lib/node_modules/pg-protocol/dist/parser.js:287:98)
    at Parser.handlePacket (/root/kkutu/Hyfata-KKuTu-Latest/Server/lib/node_modules/pg-protocol/dist/parser.js:126:29)
    at Parser.parse (/root/kkutu/Hyfata-KKuTu-Latest/Server/lib/node_modules/pg-protocol/dist/parser.js:39:38)
    at Socket.<anonymous> (/root/kkutu/Hyfata-KKuTu-Latest/Server/lib/node_modules/pg-protocol/dist/index.js:11:42)
    at Socket.emit (node:events:518:28)
    at addChunk (node:internal/streams/readable:561:12)
    at readableAddChunkPushByteMode (node:internal/streams/readable:512:3)
    at Readable.push (node:internal/streams/readable:392:5)
    at TCP.onStreamRead (node:internal/stream_base_commons:189:23):8506 [4/5/2025, 6:32:20 AM] ERROR: Error: Connection terminated unexpectedly
Error: Connection terminated unexpectedly
    at Connection.<anonymous> (/root/kkutu/Hyfata-KKuTu-Latest/Server/lib/node_modules/pg/lib/client.js:132:73)
    at Object.onceWrapper (node:events:632:28)
    at Connection.emit (node:events:518:28)
    at Socket.<anonymous> (/root/kkutu/Hyfata-KKuTu-Latest/Server/lib/node_modules/pg/lib/connection.js:107:12)
    at Socket.emit (node:events:530:35)
    at endReadableNT (node:internal/streams/readable:1698:12)
    at process.processTicksAndRejections (node:internal/process/task_queues:90:21):8506 [4/29/2025, 6:38:25 AM] ERROR: error: terminating connection due to administrator command
error: terminating connection due to administrator command
    at Parser.parseErrorMessage (/root/kkutu/Hyfata-KKuTu-Latest/Server/lib/node_modules/pg-protocol/dist/parser.js:287:98)
    at Parser.handlePacket (/root/kkutu/Hyfata-KKuTu-Latest/Server/lib/node_modules/pg-protocol/dist/parser.js:126:29)
    at Parser.parse (/root/kkutu/Hyfata-KKuTu-Latest/Server/lib/node_modules/pg-protocol/dist/parser.js:39:38)
    at Socket.<anonymous> (/root/kkutu/Hyfata-KKuTu-Latest/Server/lib/node_modules/pg-protocol/dist/index.js:11:42)
    at Socket.emit (node:events:518:28)
    at addChunk (node:internal/streams/readable:561:12)
    at readableAddChunkPushByteMode (node:internal/streams/readable:512:3)
    at Readable.push (node:internal/streams/readable:392:5)
    at TCP.onStreamRead (node:internal/stream_base_commons:189:23):8506 [4/29/2025, 6:38:25 AM] ERROR: Error: Connection terminated unexpectedly
Error: Connection terminated unexpectedly
    at Connection.<anonymous> (/root/kkutu/Hyfata-KKuTu-Latest/Server/lib/node_modules/pg/lib/client.js:132:73)
    at Object.onceWrapper (node:events:632:28)
    at Connection.emit (node:events:518:28)
    at Socket.<anonymous> (/root/kkutu/Hyfata-KKuTu-Latest/Server/lib/node_modules/pg/lib/connection.js:107:12)
    at Socket.emit (node:events:530:35)
    at endReadableNT (node:internal/streams/readable:1698:12)
    at process.processTicksAndRejections (node:internal/process/task_queues:90:21):8506 [5/20/2025, 7:36:26 PM] ERROR: error: terminating connection due to administrator command
error: terminating connection due to administrator command
    at Parser.parseErrorMessage (/root/kkutu/Hyfata-KKuTu-Latest/Server/lib/node_modules/pg-protocol/dist/parser.js:287:98)
    at Parser.handlePacket (/root/kkutu/Hyfata-KKuTu-Latest/Server/lib/node_modules/pg-protocol/dist/parser.js:126:29)
    at Parser.parse (/root/kkutu/Hyfata-KKuTu-Latest/Server/lib/node_modules/pg-protocol/dist/parser.js:39:38)
    at Socket.<anonymous> (/root/kkutu/Hyfata-KKuTu-Latest/Server/lib/node_modules/pg-protocol/dist/index.js:11:42)
    at Socket.emit (node:events:518:28)
    at addChunk (node:internal/streams/readable:561:12)
    at readableAddChunkPushByteMode (node:internal/streams/readable:512:3)
    at Readable.push (node:internal/streams/readable:392:5)
    at TCP.onStreamRead (node:internal/stream_base_commons:189:23):8506 [5/20/2025, 7:36:26 PM] ERROR: Error: Connection terminated unexpectedly
Error: Connection terminated unexpectedly
    at Connection.<anonymous> (/root/kkutu/Hyfata-KKuTu-Latest/Server/lib/node_modules/pg/lib/client.js:132:73)
    at Object.onceWrapper (node:events:632:28)
    at Connection.emit (node:events:518:28)
    at Socket.<anonymous> (/root/kkutu/Hyfata-KKuTu-Latest/Server/lib/node_modules/pg/lib/connection.js:107:12)
    at Socket.emit (node:events:530:35)
    at endReadableNT (node:internal/streams/readable:1698:12)
    at process.processTicksAndRejections (node:internal/process/task_queues:90:21):8506 [5/20/2025, 7:48:17 PM] ERROR: error: terminating connection due to administrator command
error: terminating connection due to administrator command
    at Parser.parseErrorMessage (/root/kkutu/Hyfata-KKuTu-Latest/Server/lib/node_modules/pg-protocol/dist/parser.js:287:98)
    at Parser.handlePacket (/root/kkutu/Hyfata-KKuTu-Latest/Server/lib/node_modules/pg-protocol/dist/parser.js:126:29)
    at Parser.parse (/root/kkutu/Hyfata-KKuTu-Latest/Server/lib/node_modules/pg-protocol/dist/parser.js:39:38)
    at Socket.<anonymous> (/root/kkutu/Hyfata-KKuTu-Latest/Server/lib/node_modules/pg-protocol/dist/index.js:11:42)
    at Socket.emit (node:events:518:28)
    at addChunk (node:internal/streams/readable:561:12)
    at readableAddChunkPushByteMode (node:internal/streams/readable:512:3)
    at Readable.push (node:internal/streams/readable:392:5)
    at TCP.onStreamRead (node:internal/stream_base_commons:189:23):8506 [5/20/2025, 7:48:17 PM] ERROR: Error: Connection terminated unexpectedly
Error: Connection terminated unexpectedly
    at Connection.<anonymous> (/root/kkutu/Hyfata-KKuTu-Latest/Server/lib/node_modules/pg/lib/client.js:132:73)
    at Object.onceWrapper (node:events:632:28)
    at Connection.emit (node:events:518:28)
    at Socket.<anonymous> (/root/kkutu/Hyfata-KKuTu-Latest/Server/lib/node_modules/pg/lib/connection.js:107:12)
    at Socket.emit (node:events:530:35)
    at endReadableNT (node:internal/streams/readable:1698:12)
    at process.processTicksAndRejections (node:internal/process/task_queues:90:21):8506 [5/20/2025, 7:48:49 PM] ERROR: error: terminating connection due to administrator command
error: terminating connection due to administrator command
    at Parser.parseErrorMessage (/root/kkutu/Hyfata-KKuTu-Latest/Server/lib/node_modules/pg-protocol/dist/parser.js:287:98)
    at Parser.handlePacket (/root/kkutu/Hyfata-KKuTu-Latest/Server/lib/node_modules/pg-protocol/dist/parser.js:126:29)
    at Parser.parse (/root/kkutu/Hyfata-KKuTu-Latest/Server/lib/node_modules/pg-protocol/dist/parser.js:39:38)
    at Socket.<anonymous> (/root/kkutu/Hyfata-KKuTu-Latest/Server/lib/node_modules/pg-protocol/dist/index.js:11:42)
    at Socket.emit (node:events:518:28)
    at addChunk (node:internal/streams/readable:561:12)
    at readableAddChunkPushByteMode (node:internal/streams/readable:512:3)
    at Readable.push (node:internal/streams/readable:392:5)
    at TCP.onStreamRead (node:internal/stream_base_commons:189:23):8506 [5/20/2025, 7:48:49 PM] ERROR: Error: Connection terminated unexpectedly
Error: Connection terminated unexpectedly
    at Connection.<anonymous> (/root/kkutu/Hyfata-KKuTu-Latest/Server/lib/node_modules/pg/lib/client.js:132:73)
    at Object.onceWrapper (node:events:632:28)
    at Connection.emit (node:events:518:28)
    at Socket.<anonymous> (/root/kkutu/Hyfata-KKuTu-Latest/Server/lib/node_modules/pg/lib/connection.js:107:12)
    at Socket.emit (node:events:530:35)
    at endReadableNT (node:internal/streams/readable:1698:12)
    at process.processTicksAndRejections (node:internal/process/task_queues:90:21):8506 [5/22/2025, 6:44:02 AM] ERROR: error: terminating connection due to administrator command
error: terminating connection due to administrator command
    at Parser.parseErrorMessage (/root/kkutu/Hyfata-KKuTu-Latest/Server/lib/node_modules/pg-protocol/dist/parser.js:287:98)
    at Parser.handlePacket (/root/kkutu/Hyfata-KKuTu-Latest/Server/lib/node_modules/pg-protocol/dist/parser.js:126:29)
    at Parser.parse (/root/kkutu/Hyfata-KKuTu-Latest/Server/lib/node_modules/pg-protocol/dist/parser.js:39:38)
    at Socket.<anonymous> (/root/kkutu/Hyfata-KKuTu-Latest/Server/lib/node_modules/pg-protocol/dist/index.js:11:42)
    at Socket.emit (node:events:518:28)
    at addChunk (node:internal/streams/readable:561:12)
    at readableAddChunkPushByteMode (node:internal/streams/readable:512:3)
    at Readable.push (node:internal/streams/readable:392:5)
    at TCP.onStreamRead (node:internal/stream_base_commons:189:23):8506 [5/22/2025, 6:44:02 AM] ERROR: Error: Connection terminated unexpectedly
Error: Connection terminated unexpectedly
    at Connection.<anonymous> (/root/kkutu/Hyfata-KKuTu-Latest/Server/lib/node_modules/pg/lib/client.js:132:73)
    at Object.onceWrapper (node:events:632:28)
    at Connection.emit (node:events:518:28)
    at Socket.<anonymous> (/root/kkutu/Hyfata-KKuTu-Latest/Server/lib/node_modules/pg/lib/connection.js:107:12)
    at Socket.emit (node:events:530:35)
    at endReadableNT (node:internal/streams/readable:1698:12)
    at process.processTicksAndRejections (node:internal/process/task_queues:90:21):8506 [5/30/2025, 6:09:00 AM] ERROR: error: terminating connection due to administrator command
error: terminating connection due to administrator command
    at Parser.parseErrorMessage (/root/kkutu/Hyfata-KKuTu-Latest/Server/lib/node_modules/pg-protocol/dist/parser.js:287:98)
    at Parser.handlePacket (/root/kkutu/Hyfata-KKuTu-Latest/Server/lib/node_modules/pg-protocol/dist/parser.js:126:29)
    at Parser.parse (/root/kkutu/Hyfata-KKuTu-Latest/Server/lib/node_modules/pg-protocol/dist/parser.js:39:38)
    at Socket.<anonymous> (/root/kkutu/Hyfata-KKuTu-Latest/Server/lib/node_modules/pg-protocol/dist/index.js:11:42)
    at Socket.emit (node:events:518:28)
    at addChunk (node:internal/streams/readable:561:12)
    at readableAddChunkPushByteMode (node:internal/streams/readable:512:3)
    at Readable.push (node:internal/streams/readable:392:5)
    at TCP.onStreamRead (node:internal/stream_base_commons:189:23):8506 [5/30/2025, 6:09:00 AM] ERROR: Error: Connection terminated unexpectedly
Error: Connection terminated unexpectedly
    at Connection.<anonymous> (/root/kkutu/Hyfata-KKuTu-Latest/Server/lib/node_modules/pg/lib/client.js:132:73)
    at Object.onceWrapper (node:events:632:28)
    at Connection.emit (node:events:518:28)
    at Socket.<anonymous> (/root/kkutu/Hyfata-KKuTu-Latest/Server/lib/node_modules/pg/lib/connection.js:107:12)
    at Socket.emit (node:events:530:35)
    at endReadableNT (node:internal/streams/readable:1698:12)
    at process.processTicksAndRejections (node:internal/process/task_queues:90:21):8506 [6/11/2025, 6:11:31 AM] ERROR: error: terminating connection due to administrator command
error: terminating connection due to administrator command
    at Parser.parseErrorMessage (/root/kkutu/Hyfata-KKuTu-Latest/Server/lib/node_modules/pg-protocol/dist/parser.js:287:98)
    at Parser.handlePacket (/root/kkutu/Hyfata-KKuTu-Latest/Server/lib/node_modules/pg-protocol/dist/parser.js:126:29)
    at Parser.parse (/root/kkutu/Hyfata-KKuTu-Latest/Server/lib/node_modules/pg-protocol/dist/parser.js:39:38)
    at Socket.<anonymous> (/root/kkutu/Hyfata-KKuTu-Latest/Server/lib/node_modules/pg-protocol/dist/index.js:11:42)
    at Socket.emit (node:events:518:28)
    at addChunk (node:internal/streams/readable:561:12)
    at readableAddChunkPushByteMode (node:internal/streams/readable:512:3)
    at Readable.push (node:internal/streams/readable:392:5)
    at TCP.onStreamRead (node:internal/stream_base_commons:189:23):8506 [6/11/2025, 6:11:31 AM] ERROR: Error: Connection terminated unexpectedly
Error: Connection terminated unexpectedly
    at Connection.<anonymous> (/root/kkutu/Hyfata-KKuTu-Latest/Server/lib/node_modules/pg/lib/client.js:132:73)
    at Object.onceWrapper (node:events:632:28)
    at Connection.emit (node:events:518:28)
    at Socket.<anonymous> (/root/kkutu/Hyfata-KKuTu-Latest/Server/lib/node_modules/pg/lib/connection.js:107:12)
    at Socket.emit (node:events:530:35)
    at endReadableNT (node:internal/streams/readable:1698:12)
    at process.processTicksAndRejections (node:internal/process/task_queues:90:21):8506 [6/20/2025, 6:31:13 AM] ERROR: error: terminating connection due to administrator command
error: terminating connection due to administrator command
    at Parser.parseErrorMessage (/root/kkutu/Hyfata-KKuTu-Latest/Server/lib/node_modules/pg-protocol/dist/parser.js:287:98)
    at Parser.handlePacket (/root/kkutu/Hyfata-KKuTu-Latest/Server/lib/node_modules/pg-protocol/dist/parser.js:126:29)
    at Parser.parse (/root/kkutu/Hyfata-KKuTu-Latest/Server/lib/node_modules/pg-protocol/dist/parser.js:39:38)
    at Socket.<anonymous> (/root/kkutu/Hyfata-KKuTu-Latest/Server/lib/node_modules/pg-protocol/dist/index.js:11:42)
    at Socket.emit (node:events:518:28)
    at addChunk (node:internal/streams/readable:561:12)
    at readableAddChunkPushByteMode (node:internal/streams/readable:512:3)
    at Readable.push (node:internal/streams/readable:392:5)
    at TCP.onStreamRead (node:internal/stream_base_commons:189:23):8506 [6/20/2025, 6:31:13 AM] ERROR: Error: Connection terminated unexpectedly
Error: Connection terminated unexpectedly
    at Connection.<anonymous> (/root/kkutu/Hyfata-KKuTu-Latest/Server/lib/node_modules/pg/lib/client.js:132:73)
    at Object.onceWrapper (node:events:632:28)
    at Connection.emit (node:events:518:28)
    at Socket.<anonymous> (/root/kkutu/Hyfata-KKuTu-Latest/Server/lib/node_modules/pg/lib/connection.js:107:12)
    at Socket.emit (node:events:530:35)
    at endReadableNT (node:internal/streams/readable:1698:12)
    at process.processTicksAndRejections (node:internal/process/task_queues:90:21):8506 [6/30/2025, 3:25:45 PM] ERROR: Error: Connection terminated unexpectedly
Error: Connection terminated unexpectedly
    at Connection.<anonymous> (/root/kkutu/Hyfata-KKuTu-Latest/Server/lib/node_modules/pg/lib/client.js:132:73)
    at Object.onceWrapper (node:events:632:28)
    at Connection.emit (node:events:518:28)
    at Socket.<anonymous> (/root/kkutu/Hyfata-KKuTu-Latest/Server/lib/node_modules/pg/lib/connection.js:107:12)
    at Socket.emit (node:events:530:35)
    at endReadableNT (node:internal/streams/readable:1698:12)
    at process.processTicksAndRejections (node:internal/process/task_queues:90:21):8506 [9/9/2025, 6:34:03 AM] ERROR: error: terminating connection due to administrator command
error: terminating connection due to administrator command
    at Parser.parseErrorMessage (/root/kkutu/Hyfata-KKuTu-Latest/Server/lib/node_modules/pg-protocol/dist/parser.js:287:98)
    at Parser.handlePacket (/root/kkutu/Hyfata-KKuTu-Latest/Server/lib/node_modules/pg-protocol/dist/parser.js:126:29)
    at Parser.parse (/root/kkutu/Hyfata-KKuTu-Latest/Server/lib/node_modules/pg-protocol/dist/parser.js:39:38)
    at Socket.<anonymous> (/root/kkutu/Hyfata-KKuTu-Latest/Server/lib/node_modules/pg-protocol/dist/index.js:11:42)
    at Socket.emit (node:events:518:28)
    at addChunk (node:internal/streams/readable:561:12)
    at readableAddChunkPushByteMode (node:internal/streams/readable:512:3)
    at Readable.push (node:internal/streams/readable:392:5)
    at TCP.onStreamRead (node:internal/stream_base_commons:189:23):8506 [9/9/2025, 6:34:03 AM] ERROR: Error: Connection terminated unexpectedly
Error: Connection terminated unexpectedly
    at Connection.<anonymous> (/root/kkutu/Hyfata-KKuTu-Latest/Server/lib/node_modules/pg/lib/client.js:132:73)
    at Object.onceWrapper (node:events:632:28)
    at Connection.emit (node:events:518:28)
    at Socket.<anonymous> (/root/kkutu/Hyfata-KKuTu-Latest/Server/lib/node_modules/pg/lib/connection.js:107:12)
    at Socket.emit (node:events:530:35)
    at endReadableNT (node:internal/streams/readable:1698:12)
    at process.processTicksAndRejections (node:internal/process/task_queues:90:21):8506 [9/11/2025, 6:39:11 AM] ERROR: error: terminating connection due to administrator command
error: terminating connection due to administrator command
    at Parser.parseErrorMessage (/root/kkutu/Hyfata-KKuTu-Latest/Server/lib/node_modules/pg-protocol/dist/parser.js:287:98)
    at Parser.handlePacket (/root/kkutu/Hyfata-KKuTu-Latest/Server/lib/node_modules/pg-protocol/dist/parser.js:126:29)
    at Parser.parse (/root/kkutu/Hyfata-KKuTu-Latest/Server/lib/node_modules/pg-protocol/dist/parser.js:39:38)
    at Socket.<anonymous> (/root/kkutu/Hyfata-KKuTu-Latest/Server/lib/node_modules/pg-protocol/dist/index.js:11:42)
    at Socket.emit (node:events:518:28)
    at addChunk (node:internal/streams/readable:561:12)
    at readableAddChunkPushByteMode (node:internal/streams/readable:512:3)
    at Readable.push (node:internal/streams/readable:392:5)
    at TCP.onStreamRead (node:internal/stream_base_commons:189:23):8506 [9/11/2025, 6:39:11 AM] ERROR: Error: Connection terminated unexpectedly
Error: Connection terminated unexpectedly
    at Connection.<anonymous> (/root/kkutu/Hyfata-KKuTu-Latest/Server/lib/node_modules/pg/lib/client.js:132:73)
    at Object.onceWrapper (node:events:632:28)
    at Connection.emit (node:events:518:28)
    at Socket.<anonymous> (/root/kkutu/Hyfata-KKuTu-Latest/Server/lib/node_modules/pg/lib/connection.js:107:12)
    at Socket.emit (node:events:530:35)
    at endReadableNT (node:internal/streams/readable:1698:12)
    at process.processTicksAndRejections (node:internal/process/task_queues:90:21):8506 [9/24/2025, 6:37:39 AM] ERROR: error: terminating connection due to administrator command
error: terminating connection due to administrator command
    at Parser.parseErrorMessage (/root/kkutu/Hyfata-KKuTu-Latest/Server/lib/node_modules/pg-protocol/dist/parser.js:287:98)
    at Parser.handlePacket (/root/kkutu/Hyfata-KKuTu-Latest/Server/lib/node_modules/pg-protocol/dist/parser.js:126:29)
    at Parser.parse (/root/kkutu/Hyfata-KKuTu-Latest/Server/lib/node_modules/pg-protocol/dist/parser.js:39:38)
    at Socket.<anonymous> (/root/kkutu/Hyfata-KKuTu-Latest/Server/lib/node_modules/pg-protocol/dist/index.js:11:42)
    at Socket.emit (node:events:518:28)
    at addChunk (node:internal/streams/readable:561:12)
    at readableAddChunkPushByteMode (node:internal/streams/readable:512:3)
    at Readable.push (node:internal/streams/readable:392:5)
    at TCP.onStreamRead (node:internal/stream_base_commons:189:23):8506 [9/24/2025, 6:37:39 AM] ERROR: Error: Connection terminated unexpectedly
Error: Connection terminated unexpectedly
    at Connection.<anonymous> (/root/kkutu/Hyfata-KKuTu-Latest/Server/lib/node_modules/pg/lib/client.js:132:73)
    at Object.onceWrapper (node:events:632:28)
    at Connection.emit (node:events:518:28)
    at Socket.<anonymous> (/root/kkutu/Hyfata-KKuTu-Latest/Server/lib/node_modules/pg/lib/connection.js:107:12)
    at Socket.emit (node:events:530:35)
    at endReadableNT (node:internal/streams/readable:1698:12)
    at process.processTicksAndRejections (node:internal/process/task_queues:90:21):8506 [9/24/2025, 6:37:54 AM] ERROR: error: terminating connection due to administrator command
error: terminating connection due to administrator command
    at Parser.parseErrorMessage (/root/kkutu/Hyfata-KKuTu-Latest/Server/lib/node_modules/pg-protocol/dist/parser.js:287:98)
    at Parser.handlePacket (/root/kkutu/Hyfata-KKuTu-Latest/Server/lib/node_modules/pg-protocol/dist/parser.js:126:29)
    at Parser.parse (/root/kkutu/Hyfata-KKuTu-Latest/Server/lib/node_modules/pg-protocol/dist/parser.js:39:38)
    at Socket.<anonymous> (/root/kkutu/Hyfata-KKuTu-Latest/Server/lib/node_modules/pg-protocol/dist/index.js:11:42)
    at Socket.emit (node:events:518:28)
    at addChunk (node:internal/streams/readable:561:12)
    at readableAddChunkPushByteMode (node:internal/streams/readable:512:3)
    at Readable.push (node:internal/streams/readable:392:5)
    at TCP.onStreamRead (node:internal/stream_base_commons:189:23):8506 [9/24/2025, 6:37:54 AM] ERROR: Error: Connection terminated unexpectedly
Error: Connection terminated unexpectedly
    at Connection.<anonymous> (/root/kkutu/Hyfata-KKuTu-Latest/Server/lib/node_modules/pg/lib/client.js:132:73)
    at Object.onceWrapper (node:events:632:28)
    at Connection.emit (node:events:518:28)
    at Socket.<anonymous> (/root/kkutu/Hyfata-KKuTu-Latest/Server/lib/node_modules/pg/lib/connection.js:107:12)
    at Socket.emit (node:events:530:35)
    at endReadableNT (node:internal/streams/readable:1698:12)
    at process.processTicksAndRejections (node:internal/process/task_queues:90:21):8506 [10/2/2025, 6:27:07 AM] ERROR: Error: Connection terminated unexpectedly
Error: Connection terminated unexpectedly
    at Connection.<anonymous> (/root/kkutu/Hyfata-KKuTu-Latest/Server/lib/node_modules/pg/lib/client.js:132:73)
    at Object.onceWrapper (node:events:632:28)
    at Connection.emit (node:events:518:28)
    at Socket.<anonymous> (/root/kkutu/Hyfata-KKuTu-Latest/Server/lib/node_modules/pg/lib/connection.js:107:12)
    at Socket.emit (node:events:530:35)
    at endReadableNT (node:internal/streams/readable:1698:12)
    at process.processTicksAndRejections (node:internal/process/task_queues:90:21):8506 [10/2/2025, 6:27:07 AM] ERROR: error: terminating connection due to administrator command
error: terminating connection due to administrator command
    at Parser.parseErrorMessage (/root/kkutu/Hyfata-KKuTu-Latest/Server/lib/node_modules/pg-protocol/dist/parser.js:287:98)
    at Parser.handlePacket (/root/kkutu/Hyfata-KKuTu-Latest/Server/lib/node_modules/pg-protocol/dist/parser.js:126:29)
    at Parser.parse (/root/kkutu/Hyfata-KKuTu-Latest/Server/lib/node_modules/pg-protocol/dist/parser.js:39:38)
    at Socket.<anonymous> (/root/kkutu/Hyfata-KKuTu-Latest/Server/lib/node_modules/pg-protocol/dist/index.js:11:42)
    at Socket.emit (node:events:518:28)
    at addChunk (node:internal/streams/readable:561:12)
    at readableAddChunkPushByteMode (node:internal/streams/readable:512:3)
    at Readable.push (node:internal/streams/readable:392:5)
    at TCP.onStreamRead (node:internal/stream_base_commons:189:23):8506 [11/1/2025, 6:55:56 AM] ERROR: error: terminating connection due to administrator command
error: terminating connection due to administrator command
    at Parser.parseErrorMessage (/root/kkutu/Hyfata-KKuTu-Latest/Server/lib/node_modules/pg-protocol/dist/parser.js:287:98)
    at Parser.handlePacket (/root/kkutu/Hyfata-KKuTu-Latest/Server/lib/node_modules/pg-protocol/dist/parser.js:126:29)
    at Parser.parse (/root/kkutu/Hyfata-KKuTu-Latest/Server/lib/node_modules/pg-protocol/dist/parser.js:39:38)
    at Socket.<anonymous> (/root/kkutu/Hyfata-KKuTu-Latest/Server/lib/node_modules/pg-protocol/dist/index.js:11:42)
    at Socket.emit (node:events:518:28)
    at addChunk (node:internal/streams/readable:561:12)
    at readableAddChunkPushByteMode (node:internal/streams/readable:512:3)
    at Readable.push (node:internal/streams/readable:392:5)
    at TCP.onStreamRead (node:internal/stream_base_commons:189:23):8506 [11/1/2025, 6:55:56 AM] ERROR: Error: Connection terminated unexpectedly
Error: Connection terminated unexpectedly
    at Connection.<anonymous> (/root/kkutu/Hyfata-KKuTu-Latest/Server/lib/node_modules/pg/lib/client.js:132:73)
    at Object.onceWrapper (node:events:632:28)
    at Connection.emit (node:events:518:28)
    at Socket.<anonymous> (/root/kkutu/Hyfata-KKuTu-Latest/Server/lib/node_modules/pg/lib/connection.js:107:12)
    at Socket.emit (node:events:530:35)
    at endReadableNT (node:internal/streams/readable:1698:12)
    at process.processTicksAndRejections (node:internal/process/task_queues:90:21):8506 [12/4/2025, 6:53:44 AM] ERROR: error: terminating connection due to administrator command
error: terminating connection due to administrator command
    at Parser.parseErrorMessage (/root/kkutu/Hyfata-KKuTu-Latest/Server/lib/node_modules/pg-protocol/dist/parser.js:287:98)
    at Parser.handlePacket (/root/kkutu/Hyfata-KKuTu-Latest/Server/lib/node_modules/pg-protocol/dist/parser.js:126:29)
    at Parser.parse (/root/kkutu/Hyfata-KKuTu-Latest/Server/lib/node_modules/pg-protocol/dist/parser.js:39:38)
    at Socket.<anonymous> (/root/kkutu/Hyfata-KKuTu-Latest/Server/lib/node_modules/pg-protocol/dist/index.js:11:42)
    at Socket.emit (node:events:518:28)
    at addChunk (node:internal/streams/readable:561:12)
    at readableAddChunkPushByteMode (node:internal/streams/readable:512:3)
    at Readable.push (node:internal/streams/readable:392:5)
    at TCP.onStreamRead (node:internal/stream_base_commons:189:23):8506 [12/4/2025, 6:53:44 AM] ERROR: Error: Connection terminated unexpectedly
Error: Connection terminated unexpectedly
    at Connection.<anonymous> (/root/kkutu/Hyfata-KKuTu-Latest/Server/lib/node_modules/pg/lib/client.js:132:73)
    at Object.onceWrapper (node:events:632:28)
    at Connection.emit (node:events:518:28)
    at Socket.<anonymous> (/root/kkutu/Hyfata-KKuTu-Latest/Server/lib/node_modules/pg/lib/connection.js:107:12)
    at Socket.emit (node:events:530:35)
    at endReadableNT (node:internal/streams/readable:1698:12)
    at process.processTicksAndRejections (node:internal/process/task_queues:90:21):8506 [1/13/2026, 6:50:52 AM] ERROR: error: terminating connection due to administrator command
error: terminating connection due to administrator command
    at Parser.parseErrorMessage (/root/kkutu/Hyfata-KKuTu-Latest/Server/lib/node_modules/pg-protocol/dist/parser.js:287:98)
    at Parser.handlePacket (/root/kkutu/Hyfata-KKuTu-Latest/Server/lib/node_modules/pg-protocol/dist/parser.js:126:29)
    at Parser.parse (/root/kkutu/Hyfata-KKuTu-Latest/Server/lib/node_modules/pg-protocol/dist/parser.js:39:38)
    at Socket.<anonymous> (/root/kkutu/Hyfata-KKuTu-Latest/Server/lib/node_modules/pg-protocol/dist/index.js:11:42)
    at Socket.emit (node:events:518:28)
    at addChunk (node:internal/streams/readable:561:12)
    at readableAddChunkPushByteMode (node:internal/streams/readable:512:3)
    at Readable.push (node:internal/streams/readable:392:5)
    at TCP.onStreamRead (node:internal/stream_base_commons:189:23):8506 [1/13/2026, 6:50:52 AM] ERROR: Error: Connection terminated unexpectedly
Error: Connection terminated unexpectedly
    at Connection.<anonymous> (/root/kkutu/Hyfata-KKuTu-Latest/Server/lib/node_modules/pg/lib/client.js:132:73)
    at Object.onceWrapper (node:events:632:28)
    at Connection.emit (node:events:518:28)
    at Socket.<anonymous> (/root/kkutu/Hyfata-KKuTu-Latest/Server/lib/node_modules/pg/lib/connection.js:107:12)
    at Socket.emit (node:events:530:35)
    at endReadableNT (node:internal/streams/readable:1698:12)
    at process.processTicksAndRejections (node:internal/process/task_queues:90:21):8506 [1/24/2026, 6:17:28 AM] ERROR: error: terminating connection due to administrator command
error: terminating connection due to administrator command
    at Parser.parseErrorMessage (/root/kkutu/Hyfata-KKuTu-Latest/Server/lib/node_modules/pg-protocol/dist/parser.js:287:98)
    at Parser.handlePacket (/root/kkutu/Hyfata-KKuTu-Latest/Server/lib/node_modules/pg-protocol/dist/parser.js:126:29)
    at Parser.parse (/root/kkutu/Hyfata-KKuTu-Latest/Server/lib/node_modules/pg-protocol/dist/parser.js:39:38)
    at Socket.<anonymous> (/root/kkutu/Hyfata-KKuTu-Latest/Server/lib/node_modules/pg-protocol/dist/index.js:11:42)
    at Socket.emit (node:events:518:28)
    at addChunk (node:internal/streams/readable:561:12)
    at readableAddChunkPushByteMode (node:internal/streams/readable:512:3)
    at Readable.push (node:internal/streams/readable:392:5)
    at TCP.onStreamRead (node:internal/stream_base_commons:189:23):8506 [1/24/2026, 6:17:28 AM] ERROR: Error: Connection terminated unexpectedly
Error: Connection terminated unexpectedly
    at Connection.<anonymous> (/root/kkutu/Hyfata-KKuTu-Latest/Server/lib/node_modules/pg/lib/client.js:132:73)
    at Object.onceWrapper (node:events:632:28)
    at Connection.emit (node:events:518:28)
    at Socket.<anonymous> (/root/kkutu/Hyfata-KKuTu-Latest/Server/lib/node_modules/pg/lib/connection.js:107:12)
    at Socket.emit (node:events:530:35)
    at endReadableNT (node:internal/streams/readable:1698:12)
    at process.processTicksAndRejections (node:internal/process/task_queues:90:21):8506 [1/30/2026, 6:04:27 AM] ERROR: error: terminating connection due to administrator command
error: terminating connection due to administrator command
    at Parser.parseErrorMessage (/root/kkutu/Hyfata-KKuTu-Latest/Server/lib/node_modules/pg-protocol/dist/parser.js:287:98)
    at Parser.handlePacket (/root/kkutu/Hyfata-KKuTu-Latest/Server/lib/node_modules/pg-protocol/dist/parser.js:126:29)
    at Parser.parse (/root/kkutu/Hyfata-KKuTu-Latest/Server/lib/node_modules/pg-protocol/dist/parser.js:39:38)
    at Socket.<anonymous> (/root/kkutu/Hyfata-KKuTu-Latest/Server/lib/node_modules/pg-protocol/dist/index.js:11:42)
    at Socket.emit (node:events:518:28)
    at addChunk (node:internal/streams/readable:561:12)
    at readableAddChunkPushByteMode (node:internal/streams/readable:512:3)
    at Readable.push (node:internal/streams/readable:392:5)
    at TCP.onStreamRead (node:internal/stream_base_commons:189:23):8506 [1/30/2026, 6:04:27 AM] ERROR: Error: Connection terminated unexpectedly
Error: Connection terminated unexpectedly
    at Connection.<anonymous> (/root/kkutu/Hyfata-KKuTu-Latest/Server/lib/node_modules/pg/lib/client.js:132:73)
    at Object.onceWrapper (node:events:632:28)
    at Connection.emit (node:events:518:28)
    at Socket.<anonymous> (/root/kkutu/Hyfata-KKuTu-Latest/Server/lib/node_modules/pg/lib/connection.js:107:12)
    at Socket.emit (node:events:530:35)
    at endReadableNT (node:internal/streams/readable:1698:12)
    at process.processTicksAndRejections (node:internal/process/task_queues:90:21):8506 [2/4/2026, 6:46:53 AM] ERROR: error: terminating connection due to administrator command
error: terminating connection due to administrator command
    at Parser.parseErrorMessage (/root/kkutu/Hyfata-KKuTu-Latest/Server/lib/node_modules/pg-protocol/dist/parser.js:287:98)
    at Parser.handlePacket (/root/kkutu/Hyfata-KKuTu-Latest/Server/lib/node_modules/pg-protocol/dist/parser.js:126:29)
    at Parser.parse (/root/kkutu/Hyfata-KKuTu-Latest/Server/lib/node_modules/pg-protocol/dist/parser.js:39:38)
    at Socket.<anonymous> (/root/kkutu/Hyfata-KKuTu-Latest/Server/lib/node_modules/pg-protocol/dist/index.js:11:42)
    at Socket.emit (node:events:518:28)
    at addChunk (node:internal/streams/readable:561:12)
    at readableAddChunkPushByteMode (node:internal/streams/readable:512:3)
    at Readable.push (node:internal/streams/readable:392:5)
    at TCP.onStreamRead (node:internal/stream_base_commons:189:23):8506 [2/4/2026, 6:46:53 AM] ERROR: Error: Connection terminated unexpectedly
Error: Connection terminated unexpectedly
    at Connection.<anonymous> (/root/kkutu/Hyfata-KKuTu-Latest/Server/lib/node_modules/pg/lib/client.js:132:73)
    at Object.onceWrapper (node:events:632:28)
    at Connection.emit (node:events:518:28)
    at Socket.<anonymous> (/root/kkutu/Hyfata-KKuTu-Latest/Server/lib/node_modules/pg/lib/connection.js:107:12)
    at Socket.emit (node:events:530:35)
    at endReadableNT (node:internal/streams/readable:1698:12)
    at process.processTicksAndRejections (node:internal/process/task_queues:90:21):8506 [2/18/2026, 6:24:52 AM] ERROR: error: terminating connection due to administrator command
error: terminating connection due to administrator command
    at Parser.parseErrorMessage (/root/kkutu/Hyfata-KKuTu-Latest/Server/lib/node_modules/pg-protocol/dist/parser.js:287:98)
    at Parser.handlePacket (/root/kkutu/Hyfata-KKuTu-Latest/Server/lib/node_modules/pg-protocol/dist/parser.js:126:29)
    at Parser.parse (/root/kkutu/Hyfata-KKuTu-Latest/Server/lib/node_modules/pg-protocol/dist/parser.js:39:38)
    at Socket.<anonymous> (/root/kkutu/Hyfata-KKuTu-Latest/Server/lib/node_modules/pg-protocol/dist/index.js:11:42)
    at Socket.emit (node:events:518:28)
    at addChunk (node:internal/streams/readable:561:12)
    at readableAddChunkPushByteMode (node:internal/streams/readable:512:3)
    at Readable.push (node:internal/streams/readable:392:5)
    at TCP.onStreamRead (node:internal/stream_base_commons:189:23):8506 [2/18/2026, 6:24:52 AM] ERROR: Error: Connection terminated unexpectedly
Error: Connection terminated unexpectedly
    at Connection.<anonymous> (/root/kkutu/Hyfata-KKuTu-Latest/Server/lib/node_modules/pg/lib/client.js:132:73)
    at Object.onceWrapper (node:events:632:28)
    at Connection.emit (node:events:518:28)
    at Socket.<anonymous> (/root/kkutu/Hyfata-KKuTu-Latest/Server/lib/node_modules/pg/lib/connection.js:107:12)
    at Socket.emit (node:events:530:35)
    at endReadableNT (node:internal/streams/readable:1698:12)
    at process.processTicksAndRejections (node:internal/process/task_queues:90:21):8506 [2/28/2026, 6:43:47 AM] ERROR: error: terminating connection due to administrator command
error: terminating connection due to administrator command
    at Parser.parseErrorMessage (/root/kkutu/Hyfata-KKuTu-Latest/Server/lib/node_modules/pg-protocol/dist/parser.js:287:98)
    at Parser.handlePacket (/root/kkutu/Hyfata-KKuTu-Latest/Server/lib/node_modules/pg-protocol/dist/parser.js:126:29)
    at Parser.parse (/root/kkutu/Hyfata-KKuTu-Latest/Server/lib/node_modules/pg-protocol/dist/parser.js:39:38)
    at Socket.<anonymous> (/root/kkutu/Hyfata-KKuTu-Latest/Server/lib/node_modules/pg-protocol/dist/index.js:11:42)
    at Socket.emit (node:events:518:28)
    at addChunk (node:internal/streams/readable:561:12)
    at readableAddChunkPushByteMode (node:internal/streams/readable:512:3)
    at Readable.push (node:internal/streams/readable:392:5)
    at TCP.onStreamRead (node:internal/stream_base_commons:189:23):8506 [2/28/2026, 6:43:47 AM] ERROR: Error: Connection terminated unexpectedly
Error: Connection terminated unexpectedly
    at Connection.<anonymous> (/root/kkutu/Hyfata-KKuTu-Latest/Server/lib/node_modules/pg/lib/client.js:132:73)
    at Object.onceWrapper (node:events:632:28)
    at Connection.emit (node:events:518:28)
    at Socket.<anonymous> (/root/kkutu/Hyfata-KKuTu-Latest/Server/lib/node_modules/pg/lib/connection.js:107:12)
    at Socket.emit (node:events:530:35)
    at endReadableNT (node:internal/streams/readable:1698:12)
    at process.processTicksAndRejections (node:internal/process/task_queues:90:21):8506 [3/5/2026, 6:38:02 AM] ERROR: error: terminating connection due to administrator command
error: terminating connection due to administrator command
    at Parser.parseErrorMessage (/root/kkutu/Hyfata-KKuTu-Latest/Server/lib/node_modules/pg-protocol/dist/parser.js:287:98)
    at Parser.handlePacket (/root/kkutu/Hyfata-KKuTu-Latest/Server/lib/node_modules/pg-protocol/dist/parser.js:126:29)
    at Parser.parse (/root/kkutu/Hyfata-KKuTu-Latest/Server/lib/node_modules/pg-protocol/dist/parser.js:39:38)
    at Socket.<anonymous> (/root/kkutu/Hyfata-KKuTu-Latest/Server/lib/node_modules/pg-protocol/dist/index.js:11:42)
    at Socket.emit (node:events:518:28)
    at addChunk (node:internal/streams/readable:561:12)
    at readableAddChunkPushByteMode (node:internal/streams/readable:512:3)
    at Readable.push (node:internal/streams/readable:392:5)
    at TCP.onStreamRead (node:internal/stream_base_commons:189:23):8506 [3/5/2026, 6:38:02 AM] ERROR: Error: Connection terminated unexpectedly
Error: Connection terminated unexpectedly
    at Connection.<anonymous> (/root/kkutu/Hyfata-KKuTu-Latest/Server/lib/node_modules/pg/lib/client.js:132:73)
    at Object.onceWrapper (node:events:632:28)
    at Connection.emit (node:events:518:28)
    at Socket.<anonymous> (/root/kkutu/Hyfata-KKuTu-Latest/Server/lib/node_modules/pg/lib/connection.js:107:12)
    at Socket.emit (node:events:530:35)
    at endReadableNT (node:internal/streams/readable:1698:12)
    at process.processTicksAndRejections (node:internal/process/task_queues:90:21):8506 [3/5/2026, 6:38:02 AM] ERROR: Error: write EIO
Error: write EIO
    at afterWriteDispatched (node:internal/stream_base_commons:159:15)
    at writeGeneric (node:internal/stream_base_commons:150:3)
    at Socket._writeGeneric (node:net:971:11)
    at Socket._write (node:net:983:8)
    at writeOrBuffer (node:internal/streams/writable:572:12)
    at _write (node:internal/streams/writable:501:10)
    at Writable.write (node:internal/streams/writable:510:10)
    at console.value (node:internal/console/constructor:298:16)
    at console.log (node:internal/console/constructor:384:26)
    at callLog (/root/kkutu/Hyfata-KKuTu-Latest/Server/lib/sub/jjlog.js:38:10):8506 [3/5/2026, 6:38:02 AM] ERROR: Error: write EIO
Error: write EIO
    at afterWriteDispatched (node:internal/stream_base_commons:159:15)
    at writeGeneric (node:internal/stream_base_commons:150:3)
    at Socket._writeGeneric (node:net:971:11)
    at Socket._write (node:net:983:8)
    at writeOrBuffer (node:internal/streams/writable:572:12)
    at _write (node:internal/streams/writable:501:10)
    at Writable.write (node:internal/streams/writable:510:10)
    at console.value (node:internal/console/constructor:298:16)
    at console.log (node:internal/console/constructor:384:26)
    at callLog (/root/kkutu/Hyfata-KKuTu-Latest/Server/lib/sub/jjlog.js:38:10):8506 [3/5/2026, 6:38:02 AM] ERROR: Error: write EIO
Error: write EIO
    at afterWriteDispatched (node:internal/stream_base_commons:159:15)
    at writeGeneric (node:internal/stream_base_commons:150:3)
    at Socket._writeGeneric (node:net:971:11)
    at Socket._write (node:net:983:8)
    at writeOrBuffer (node:internal/streams/writable:572:12)
    at _write (node:internal/streams/writable:501:10)
    at Writable.write (node:internal/streams/writable:510:10)
    at console.value (node:internal/console/constructor:298:16)
    at console.log (node:internal/console/constructor:384:26)
    at callLog (/root/kkutu/Hyfata-KKuTu-Latest/Server/lib/sub/jjlog.js:38:10):8506 [3/5/2026, 6:38:02 AM] ERROR: Error: write EIO
Error: write EIO
    at afterWriteDispatched (node:internal/stream_base_commons:159:15)
    at writeGeneric (node:internal/stream_base_commons:150:3)
    at Socket._writeGeneric (node:net:971:11)
    at Socket._write (node:net:983:8)
    at writeOrBuffer (node:internal/streams/writable:572:12)
    at _write (node:internal/streams/writable:501:10)
    at Writable.write (node:internal/streams/writable:510:10)
    at console.value (node:internal/console/constructor:298:16)
    at console.log (node:internal/console/constructor:384:26)
    at callLog (/root/kkutu/Hyfata-KKuTu-Latest/Server/lib/sub/jjlog.js:38:10):8506 [3/5/2026, 6:38:02 AM] ERROR: Error: write EIO
Error: write EIO
    at afterWriteDispatched (node:internal/stream_base_commons:159:15)
    at writeGeneric (node:internal/stream_base_commons:150:3)
    at Socket._writeGeneric (node:net:971:11)
    at Socket._write (node:net:983:8)
    at writeOrBuffer (node:internal/streams/writable:572:12)
    at _write (node:internal/streams/writable:501:10)
    at Writable.write (node:internal/streams/writable:510:10)
    at console.value (node:internal/console/constructor:298:16)
    at console.log (node:internal/console/constructor:384:26)
    at callLog (/root/kkutu/Hyfata-KKuTu-Latest/Server/lib/sub/jjlog.js:38:10):8506 [3/5/2026, 6:38:02 AM] ERROR: Error: write EIO
Error: write EIO
    at afterWriteDispatched (node:internal/stream_base_commons:159:15)
    at writeGeneric (node:internal/stream_base_commons:150:3)
    at Socket._writeGeneric (node:net:971:11)
    at Socket._write (node:net:983:8)
    at writeOrBuffer (node:internal/streams/writable:572:12)
    at _write (node:internal/streams/writable:501:10)
    at Writable.write (node:internal/streams/writable:510:10)
    at console.value (node:internal/console/constructor:298:16)
    at console.log (node:internal/console/constructor:384:26)
    at callLog (/root/kkutu/Hyfata-KKuTu-Latest/Server/lib/sub/jjlog.js:38:10)